[2024/06/14 20:49:31] [ info] [fluent bit] version=3.1.0, commit=5ce9c43bca, pid=31983
[2024/06/14 20:49:31] [ info] [storage] ver=1.5.2, type=memory, sync=normal, checksum=off, max_chunks_up=128
[2024/06/14 20:49:31] [ info] [cmetrics] version=0.9.1
[2024/06/14 20:49:31] [ info] [output:stdout:stdout.0] worker #0 started
[2024/06/14 20:49:31] [ info] [ctraces ] version=0.5.1
[2024/06/14 20:49:31] [ info] [input:opentelemetry:opentelemetry.0] initializing
[2024/06/14 20:49:31] [ info] [input:opentelemetry:opentelemetry.0] storage_strategy='memory' (memory only)
[2024/06/14 20:49:31] [ info] [input:opentelemetry:opentelemetry.0] listening on 0.0.0.0:4318
[2024/06/14 20:49:31] [ info] [http_server] listen iface=0.0.0.0 tcp_port=40000
[2024/06/14 20:49:31] [ info] [sp] stream processor started
[2024/06/14 20:49:39] [ info] [fluent bit] version=3.1.0, commit=5ce9c43bca, pid=32031
[2024/06/14 20:49:39] [ info] [storage] ver=1.5.2, type=memory, sync=normal, checksum=off, max_chunks_up=128
[2024/06/14 20:49:39] [ info] [cmetrics] version=0.9.1
[2024/06/14 20:50:08] [ info] [fluent bit] version=3.1.0, commit=5ce9c43bca, pid=32220
[2024/06/14 20:50:08] [ info] [storage] ver=1.5.2, type=memory, sync=normal, checksum=off, max_chunks_up=128
[2024/06/14 20:50:08] [ info] [cmetrics] version=0.9.1
[2024/06/14 20:50:22] [ info] [fluent bit] version=3.1.0, commit=5ce9c43bca, pid=32305
[2024/06/14 20:50:22] [ info] [storage] ver=1.5.2, type=memory, sync=normal, checksum=off, max_chunks_up=128
[2024/06/14 20:50:22] [ info] [cmetrics] version=0.9.1
[2024/06/14 20:50:46] [ info] [fluent bit] version=3.1.0, commit=5ce9c43bca, pid=32469
[2024/06/14 20:50:46] [ info] [storage] ver=1.5.2, type=memory, sync=normal, checksum=off, max_chunks_up=128
[2024/06/14 20:50:46] [ info] [cmetrics] version=0.9.1
[2024/06/14 20:50:46] [ info] [ctraces ] version=0.5.1
[2024/06/14 20:50:46] [ info] [input:opentelemetry:opentelemetry.0] initializing
[2024/06/14 20:50:46] [ info] [input:opentelemetry:opentelemetry.0] storage_strategy='memory' (memory only)
[2024/06/14 20:50:46] [error] Error binding socket
[2024/06/14 20:50:46] [ warn] Cannot listen on 0.0.0.0 port 4318
[2024/06/14 20:51:01] [ info] [fluent bit] version=3.1.0, commit=5ce9c43bca, pid=32573
[2024/06/14 20:51:01] [ info] [storage] ver=1.5.2, type=memory, sync=normal, checksum=off, max_chunks_up=128
[2024/06/14 20:51:01] [ info] [cmetrics] version=0.9.1
[2024/06/14 20:51:54] [ info] [fluent bit] version=3.1.0, commit=5ce9c43bca, pid=32976
[2024/06/14 20:51:54] [ info] [storage] ver=1.5.2, type=memory, sync=normal, checksum=off, max_chunks_up=128
[2024/06/14 20:51:54] [ info] [cmetrics] version=0.9.1
[2024/06/14 20:52:14] [ info] [fluent bit] version=3.1.0, commit=5ce9c43bca, pid=33163
[2024/06/14 20:52:14] [ info] [storage] ver=1.5.2, type=memory, sync=normal, checksum=off, max_chunks_up=128
[2024/06/14 20:52:14] [ info] [cmetrics] version=0.9.1
[2024/06/14 20:52:14] [ info] [output:stdout:stdout.0] worker #0 started
[2024/06/14 20:52:14] [ info] [ctraces ] version=0.5.1
[2024/06/14 20:52:14] [ info] [input:opentelemetry:opentelemetry.0] initializing
[2024/06/14 20:52:14] [ info] [input:opentelemetry:opentelemetry.0] storage_strategy='memory' (memory only)
[2024/06/14 20:52:14] [ info] [input:opentelemetry:opentelemetry.0] listening on 0.0.0.0:4318
[2024/06/14 20:52:14] [ info] [http_server] listen iface=0.0.0.0 tcp_port=40000
[2024/06/14 20:52:14] [ info] [sp] stream processor started
[2024/06/14 20:52:21] [ info] [output:stdout:stdout.0] thread worker #0 stopping...
[2024/06/14 20:52:21] [ info] [output:stdout:stdout.0] thread worker #0 stopped
[2024/06/14 20:52:28] [ info] [fluent bit] version=3.1.0, commit=5ce9c43bca, pid=33297
[2024/06/14 20:52:28] [ info] [storage] ver=1.5.2, type=memory, sync=normal, checksum=off, max_chunks_up=128
[2024/06/14 20:52:28] [ info] [cmetrics] version=0.9.1
[2024/06/14 20:52:28] [ info] [output:stdout:stdout.0] worker #0 started
[2024/06/14 20:52:28] [ info] [ctraces ] version=0.5.1
[2024/06/14 20:52:28] [ info] [input:opentelemetry:opentelemetry.0] initializing
[2024/06/14 20:52:28] [ info] [input:opentelemetry:opentelemetry.0] storage_strategy='memory' (memory only)
[2024/06/14 20:52:28] [ info] [input:opentelemetry:opentelemetry.0] listening on 0.0.0.0:4318
[2024/06/14 20:52:28] [ info] [http_server] listen iface=0.0.0.0 tcp_port=40000
[2024/06/14 20:52:28] [ info] [sp] stream processor started
[2024/06/14 20:52:35] [ info] [output:stdout:stdout.0] thread worker #0 stopping...
[2024/06/14 20:52:35] [ info] [output:stdout:stdout.0] thread worker #0 stopped
[2024/06/14 20:52:39] [ info] [fluent bit] version=3.1.0, commit=5ce9c43bca, pid=33383
[2024/06/14 20:52:39] [ info] [storage] ver=1.5.2, type=memory, sync=normal, checksum=off, max_chunks_up=128
[2024/06/14 20:52:39] [ info] [cmetrics] version=0.9.1
[2024/06/14 20:52:39] [ info] [ctraces ] version=0.5.1
[2024/06/14 20:52:39] [ info] [input:opentelemetry:opentelemetry.0] initializing
[2024/06/14 20:52:39] [ info] [input:opentelemetry:opentelemetry.0] storage_strategy='memory' (memory only)
[2024/06/14 20:52:39] [ info] [input:opentelemetry:opentelemetry.0] listening on 0.0.0.0:4318
[2024/06/14 20:52:39] [ info] [output:stdout:stdout.0] worker #0 started
[2024/06/14 20:52:39] [ info] [http_server] listen iface=0.0.0.0 tcp_port=40000
[2024/06/14 20:52:39] [ info] [sp] stream processor started
[2024/06/14 20:52:46] [ info] [output:stdout:stdout.0] thread worker #0 stopping...
[2024/06/14 20:52:46] [ info] [output:stdout:stdout.0] thread worker #0 stopped
[2024/06/14 20:52:55] [ info] [fluent bit] version=3.1.0, commit=5ce9c43bca, pid=33508
[2024/06/14 20:52:55] [ info] [storage] ver=1.5.2, type=memory, sync=normal, checksum=off, max_chunks_up=128
[2024/06/14 20:52:55] [ info] [cmetrics] version=0.9.1
[2024/06/14 20:52:55] [ info] [output:stdout:stdout.0] worker #0 started
[2024/06/14 20:52:55] [ info] [ctraces ] version=0.5.1
[2024/06/14 20:52:55] [ info] [input:opentelemetry:opentelemetry.0] initializing
[2024/06/14 20:52:55] [ info] [input:opentelemetry:opentelemetry.0] storage_strategy='memory' (memory only)
[2024/06/14 20:52:55] [ info] [input:opentelemetry:opentelemetry.0] listening on 0.0.0.0:4318
[2024/06/14 20:52:55] [ info] [http_server] listen iface=0.0.0.0 tcp_port=40000
[2024/06/14 20:52:55] [ info] [sp] stream processor started
[2024/06/14 20:53:02] [ info] [output:stdout:stdout.0] thread worker #0 stopping...
[2024/06/14 20:53:02] [ info] [output:stdout:stdout.0] thread worker #0 stopped
[2024/06/14 20:53:12] [ info] [fluent bit] version=3.1.0, commit=5ce9c43bca, pid=33667
[2024/06/14 20:53:12] [ info] [storage] ver=1.5.2, type=memory, sync=normal, checksum=off, max_chunks_up=128
[2024/06/14 20:53:12] [ info] [cmetrics] version=0.9.1
[2024/06/14 20:53:12] [ info] [output:stdout:stdout.0] worker #0 started
[2024/06/14 20:53:12] [ info] [ctraces ] version=0.5.1
[2024/06/14 20:53:12] [ info] [input:opentelemetry:opentelemetry.0] initializing
[2024/06/14 20:53:12] [ info] [input:opentelemetry:opentelemetry.0] storage_strategy='memory' (memory only)
[2024/06/14 20:53:12] [ info] [input:opentelemetry:opentelemetry.0] listening on 0.0.0.0:4318
[2024/06/14 20:53:12] [ info] [http_server] listen iface=0.0.0.0 tcp_port=40000
[2024/06/14 20:53:12] [ info] [sp] stream processor started
[2024/06/14 20:53:19] [ info] [output:stdout:stdout.0] thread worker #0 stopping...
[2024/06/14 20:53:19] [ info] [output:stdout:stdout.0] thread worker #0 stopped
